<?xml version="1.0" encoding="UTF-8"?>
<!-- Generated by org.testng.reporters.JUnitXMLReporter -->
<testsuite ignored="3" hostname="NODLTP52034643" failures="0" tests="1" name="Test" time="0.074" errors="0" timestamp="2021-04-15T14:20:18 IST">
  <testcase classname="MyPackage.A" name="hello" time="0.011"/>
  <testcase classname="MyPackage.B" name="hello3" time="0.0">
    <ignored/>
  </testcase> <!-- hello3 -->
  <testcase classname="MyPackage.A" name="hello1" time="0.0">
    <ignored/>
  </testcase> <!-- hello1 -->
  <testcase classname="MyPackage.B" name="hello2" time="0.0">
    <ignored/>
  </testcase> <!-- hello2 -->
</testsuite> <!-- Test -->
