<?xml version="1.0" encoding="UTF-8"?>
<!-- Generated by org.testng.reporters.JUnitXMLReporter -->
<testsuite hostname="NODLTP52034643" ignored="0" name="Test" tests="4" failures="0" timestamp="2021-04-15T14:40:09 IST" time="0.044" errors="0">
  <testcase name="hello" time="0.004" classname="MyPackage.A"/>
  <testcase name="hello1" time="0.0" classname="MyPackage.A"/>
  <testcase name="hello2" time="0.0" classname="MyPackage.B"/>
  <testcase name="hello3" time="0.0" classname="MyPackage.B"/>
</testsuite> <!-- Test -->
