<?xml version="1.0" encoding="UTF-8"?>
<testsuite xmlns:xsi="http://www.w3.org/2001/XMLSchema-instance" xsi:noNamespaceSchemaLocation="https://maven.apache.org/surefire/maven-surefire-plugin/xsd/surefire-test-report-3.0.xsd" version="3.0" name="TestSuite" time="0.66" tests="4" errors="0" skipped="0" failures="0">
  <properties>
[...]
</properties>
  <testcase name="hello" classname="MyPackage.A" time="0.005">
    <system-out><![CDATA[hello
]]></system-out>
  </testcase>
  <testcase name="hello1" classname="MyPackage.A" time="0">
    <system-out><![CDATA[hello1
]]></system-out>
  </testcase>
  <testcase name="hello2" classname="MyPackage.B" time="0">
    <system-out><![CDATA[hello2
]]></system-out>
  </testcase>
  <testcase name="hello3" classname="MyPackage.B" time="0.001">
    <system-out><![CDATA[hello3
]]></system-out>
  </testcase>
</testsuite>