<?xml version="1.0" encoding="UTF-8"?>
<testng-results skipped="0" failed="0" ignored="0" total="4" passed="4">
  <reporter-output>
  </reporter-output>
  <suite name="Suite" duration-ms="44" started-at="2021-04-15T14:40:09 IST" finished-at="2021-04-15T14:40:09 IST">
    <groups>
      <group name="Regression">
        <method signature="A.hello()[pri:0, instance:MyPackage.A@cd2dae5]" name="hello" class="MyPackage.A"/>
      </group> <!-- Regression -->
    </groups>
    <test name="Test" duration-ms="44" started-at="2021-04-15T14:40:09 IST" finished-at="2021-04-15T14:40:09 IST">
      <class name="MyPackage.B">
        <test-method status="PASS" signature="hello3()[pri:0, instance:MyPackage.B@3a883ce7]" name="hello3" duration-ms="0" started-at="2021-04-15T14:40:09 IST" finished-at="2021-04-15T14:40:09 IST">
          <reporter-output>
          </reporter-output>
        </test-method> <!-- hello3 -->
        <test-method status="PASS" signature="hello2()[pri:0, instance:MyPackage.B@3a883ce7]" name="hello2" duration-ms="0" started-at="2021-04-15T14:40:09 IST" finished-at="2021-04-15T14:40:09 IST">
          <reporter-output>
          </reporter-output>
        </test-method> <!-- hello2 -->
      </class> <!-- MyPackage.B -->
      <class name="MyPackage.A">
        <test-method status="PASS" signature="hello()[pri:0, instance:MyPackage.A@cd2dae5]" name="hello" duration-ms="4" started-at="2021-04-15T14:40:09 IST" finished-at="2021-04-15T14:40:09 IST">
          <reporter-output>
          </reporter-output>
        </test-method> <!-- hello -->
        <test-method status="PASS" signature="hello1()[pri:0, instance:MyPackage.A@cd2dae5]" name="hello1" duration-ms="0" started-at="2021-04-15T14:40:09 IST" finished-at="2021-04-15T14:40:09 IST">
          <reporter-output>
          </reporter-output>
        </test-method> <!-- hello1 -->
      </class> <!-- MyPackage.A -->
    </test> <!-- Test -->
  </suite> <!-- Suite -->
</testng-results>
