<?xml version="1.0" encoding="UTF-8"?>
<testng-results ignored="3" total="4" passed="1" failed="0" skipped="0">
  <reporter-output>
  </reporter-output>
  <suite started-at="2021-04-15T14:20:18 IST" name="Suite" finished-at="2021-04-15T14:20:18 IST" duration-ms="74">
    <groups>
      <group name="Regression">
        <method signature="A.hello()[pri:0, instance:MyPackage.A@77f80c04]" name="hello" class="MyPackage.A"/>
      </group> <!-- Regression -->
    </groups>
    <test started-at="2021-04-15T14:20:18 IST" name="Test" finished-at="2021-04-15T14:20:18 IST" duration-ms="74">
      <class name="MyPackage.A">
        <test-method signature="hello()[pri:0, instance:MyPackage.A@77f80c04]" started-at="2021-04-15T14:20:18 IST" name="hello" finished-at="2021-04-15T14:20:18 IST" duration-ms="11" status="PASS">
          <reporter-output>
          </reporter-output>
        </test-method> <!-- hello -->
      </class> <!-- MyPackage.A -->
    </test> <!-- Test -->
  </suite> <!-- Suite -->
</testng-results>
